09-Jun-2025 20:57:17.796 INFO [main] org.apache.catalina.startup.VersionLoggerListener.log Имя версии сервера:    Apache Tomcat/11.0.7
09-Jun-2025 20:57:17.803 INFO [main] org.apache.catalina.startup.VersionLoggerListener.log Сервер собран:         May 7 2025 14:55:59 UTC
09-Jun-2025 20:57:17.803 INFO [main] org.apache.catalina.startup.VersionLoggerListener.log Номер версии сервера:  11.0.7.0
09-Jun-2025 20:57:17.803 INFO [main] org.apache.catalina.startup.VersionLoggerListener.log OS Name:               Mac OS X
09-Jun-2025 20:57:17.803 INFO [main] org.apache.catalina.startup.VersionLoggerListener.log Версия ОС:             14.0
09-Jun-2025 20:57:17.804 INFO [main] org.apache.catalina.startup.VersionLoggerListener.log Архитектура:           x86_64
09-Jun-2025 20:57:17.804 INFO [main] org.apache.catalina.startup.VersionLoggerListener.log Java Home:             /Users/semenraydun/Library/Java/JavaVirtualMachines/openjdk-22.0.2/Contents/Home
09-Jun-2025 20:57:17.804 INFO [main] org.apache.catalina.startup.VersionLoggerListener.log Версия JVM:            22.0.2+9-70
09-Jun-2025 20:57:17.804 INFO [main] org.apache.catalina.startup.VersionLoggerListener.log Производитель JVM:     Oracle Corporation
09-Jun-2025 20:57:17.804 INFO [main] org.apache.catalina.startup.VersionLoggerListener.log CATALINA_BASE:         /Users/semenraydun/Desktop/OpenWeatherService
09-Jun-2025 20:57:17.804 INFO [main] org.apache.catalina.startup.VersionLoggerListener.log CATALINA_HOME:         /Users/semenraydun/Desktop/Tomcat/apache-tomcat-11.0.7
09-Jun-2025 20:57:17.821 INFO [main] org.apache.catalina.startup.VersionLoggerListener.log Command line argument: --add-opens=java.base/java.lang=ALL-UNNAMED
09-Jun-2025 20:57:17.821 INFO [main] org.apache.catalina.startup.VersionLoggerListener.log Command line argument: --add-opens=java.base/java.io=ALL-UNNAMED
09-Jun-2025 20:57:17.821 INFO [main] org.apache.catalina.startup.VersionLoggerListener.log Command line argument: --add-opens=java.base/java.util=ALL-UNNAMED
09-Jun-2025 20:57:17.821 INFO [main] org.apache.catalina.startup.VersionLoggerListener.log Command line argument: --add-opens=java.base/java.util.concurrent=ALL-UNNAMED
09-Jun-2025 20:57:17.821 INFO [main] org.apache.catalina.startup.VersionLoggerListener.log Command line argument: --add-opens=java.rmi/sun.rmi.transport=ALL-UNNAMED
09-Jun-2025 20:57:17.821 INFO [main] org.apache.catalina.startup.VersionLoggerListener.log Command line argument: -Dcatalina.home=/Users/semenraydun/Desktop/Tomcat/apache-tomcat-11.0.7
09-Jun-2025 20:57:17.822 INFO [main] org.apache.catalina.startup.VersionLoggerListener.log Command line argument: -Dcatalina.base=/Users/semenraydun/Desktop/OpenWeatherService
09-Jun-2025 20:57:17.822 INFO [main] org.apache.catalina.startup.VersionLoggerListener.log Command line argument: -Djava.io.tmpdir=/Users/semenraydun/Desktop/OpenWeatherService/temp
09-Jun-2025 20:57:17.822 INFO [main] org.apache.catalina.startup.VersionLoggerListener.log Command line argument: -Djava.util.logging.config.file=/Users/semenraydun/Desktop/OpenWeatherService/conf/logging.properties
09-Jun-2025 20:57:17.822 INFO [main] org.apache.catalina.startup.VersionLoggerListener.log Command line argument: -Djava.util.logging.manager=org.apache.juli.ClassLoaderLogManager
09-Jun-2025 20:57:17.822 INFO [main] org.apache.catalina.startup.VersionLoggerListener.log Command line argument: -javaagent:/Applications/IntelliJ IDEA CE.app/Contents/lib/idea_rt.jar=62517:/Applications/IntelliJ IDEA CE.app/Contents/bin
09-Jun-2025 20:57:17.822 INFO [main] org.apache.catalina.startup.VersionLoggerListener.log Command line argument: -Dfile.encoding=UTF-8
09-Jun-2025 20:57:17.823 INFO [main] org.apache.catalina.startup.VersionLoggerListener.log Command line argument: -Dsun.stdout.encoding=UTF-8
09-Jun-2025 20:57:17.823 INFO [main] org.apache.catalina.startup.VersionLoggerListener.log Command line argument: -Dsun.stderr.encoding=UTF-8
09-Jun-2025 20:57:17.845 INFO [main] org.apache.catalina.core.AprLifecycleListener.lifecycleEvent The Apache Tomcat Native library which allows using OpenSSL was not found on the java.library.path: [/Users/semenraydun/Library/Java/Extensions:/Library/Java/Extensions:/Network/Library/Java/Extensions:/System/Library/Java/Extensions:/usr/lib/java:.]
09-Jun-2025 20:57:18.337 INFO [main] org.apache.coyote.AbstractProtocol.init Инициализация ProtocolHandler ["http-nio-8080"]
09-Jun-2025 20:57:18.358 INFO [main] org.apache.catalina.startup.Catalina.load Server initialization in [942] milliseconds
09-Jun-2025 20:57:18.408 INFO [main] org.apache.catalina.core.StandardService.startInternal Starting service [Catalina]
09-Jun-2025 20:57:18.409 INFO [main] org.apache.catalina.core.StandardEngine.startInternal Starting Servlet engine: [Apache Tomcat/11.0.7]
09-Jun-2025 20:57:18.419 INFO [main] org.apache.catalina.startup.HostConfig.deployDescriptor Deploying deployment descriptor [/Users/semenraydun/Desktop/OpenWeatherService/conf/Catalina/localhost/ROOT.xml]
09-Jun-2025 20:57:22.092 INFO [main] org.apache.jasper.servlet.TldScanner.scanJars At least one JAR was scanned for TLDs yet contained no TLDs. Enable debug logging for this logger for a complete list of JARs that were scanned but no TLDs were found in them. Skipping unneeded JARs during scanning can improve startup time and JSP compilation time.
09-Jun-2025 20:57:23.745 INFO [main] org.hibernate.Version.logVersion HHH000412: Hibernate ORM core version 7.0.0.Final
09-Jun-2025 20:57:23.753 INFO [main] org.hibernate.cfg.Environment.<clinit> HHH000205: Loaded properties from resource hibernate.properties: {hibernate.dialect=org.hibernate.dialect.PostgreSQLDialect, hibernate.driver_class=org.postgresql.Driver, hibernate.connection.password=****, hibernate.connection.username=postgres, hibernate.connection.url=jdbc:postgresql://localhost:5432/weather_service_db, hibernate.show_sql=true}
09-Jun-2025 20:57:25.684 WARN [main] org.hibernate.engine.jdbc.dialect.internal.DialectFactoryImpl.constructDialect HHH90000025: PostgreSQLDialect does not need to be specified explicitly using 'hibernate.dialect' (remove the property setting and it will be selected by default)
09-Jun-2025 20:57:25.748 INFO [main] org.hibernate.engine.jdbc.env.internal.JdbcEnvironmentInitiator.logConnectionInfo HHH10001005: Database info:
	Database JDBC URL [jdbc:postgresql://localhost:5432/weather_service_db]
	Database driver: PostgreSQL JDBC Driver
	Database version: 16.2
	Autocommit mode: undefined/unknown
	Isolation level: READ_COMMITTED [default READ_COMMITTED]
	Pool: DatasourceConnectionProviderImpl
	Minimum pool size: undefined/unknown
	Maximum pool size: undefined/unknown
09-Jun-2025 20:57:27.268 INFO [main] org.hibernate.validator.internal.util.Version.<clinit> HV000001: Hibernate Validator 9.0.0.Final
09-Jun-2025 20:57:29.827 INFO [main] org.hibernate.engine.transaction.jta.platform.internal.JtaPlatformInitiator.initiateService HHH000489: No JTA platform available (set 'hibernate.transaction.jta.platform' to enable JTA platform integration)
09-Jun-2025 20:57:30.580 INFO [main] org.apache.catalina.startup.HostConfig.deployDescriptor Deployment of deployment descriptor [/Users/semenraydun/Desktop/OpenWeatherService/conf/Catalina/localhost/ROOT.xml] has finished in [12 161] ms
09-Jun-2025 20:57:30.585 INFO [main] org.apache.coyote.AbstractProtocol.start Starting ProtocolHandler ["http-nio-8080"]
09-Jun-2025 20:57:30.602 INFO [main] org.apache.catalina.startup.Catalina.start Server startup in [12243] milliseconds
09-Jun-2025 20:57:54.378 INFO [Thread-1] org.apache.coyote.AbstractProtocol.pause Pausing ProtocolHandler ["http-nio-8080"]
09-Jun-2025 20:57:54.380 INFO [Thread-1] org.apache.catalina.core.StandardService.stopInternal Stopping service [Catalina]
09-Jun-2025 20:57:54.392 WARNING [Thread-1] org.apache.catalina.loader.WebappClassLoaderBase.clearReferencesJdbc The web application [ROOT] registered the JDBC driver [org.postgresql.Driver] but failed to unregister it when the web application was stopped. To prevent a memory leak, the JDBC Driver has been forcibly unregistered.
09-Jun-2025 20:57:54.400 INFO [Thread-1] org.apache.coyote.AbstractProtocol.stop Stopping ProtocolHandler ["http-nio-8080"]
09-Jun-2025 20:57:54.406 INFO [Thread-1] org.apache.coyote.AbstractProtocol.destroy Destroying ProtocolHandler ["http-nio-8080"]
09-Jun-2025 20:58:11.538 INFO [main] org.apache.catalina.startup.VersionLoggerListener.log Имя версии сервера:    Apache Tomcat/11.0.7
09-Jun-2025 20:58:11.544 INFO [main] org.apache.catalina.startup.VersionLoggerListener.log Сервер собран:         May 7 2025 14:55:59 UTC
09-Jun-2025 20:58:11.545 INFO [main] org.apache.catalina.startup.VersionLoggerListener.log Номер версии сервера:  11.0.7.0
09-Jun-2025 20:58:11.545 INFO [main] org.apache.catalina.startup.VersionLoggerListener.log OS Name:               Mac OS X
09-Jun-2025 20:58:11.545 INFO [main] org.apache.catalina.startup.VersionLoggerListener.log Версия ОС:             14.0
09-Jun-2025 20:58:11.545 INFO [main] org.apache.catalina.startup.VersionLoggerListener.log Архитектура:           x86_64
09-Jun-2025 20:58:11.545 INFO [main] org.apache.catalina.startup.VersionLoggerListener.log Java Home:             /Users/semenraydun/Library/Java/JavaVirtualMachines/openjdk-22.0.2/Contents/Home
09-Jun-2025 20:58:11.545 INFO [main] org.apache.catalina.startup.VersionLoggerListener.log Версия JVM:            22.0.2+9-70
09-Jun-2025 20:58:11.546 INFO [main] org.apache.catalina.startup.VersionLoggerListener.log Производитель JVM:     Oracle Corporation
09-Jun-2025 20:58:11.546 INFO [main] org.apache.catalina.startup.VersionLoggerListener.log CATALINA_BASE:         /Users/semenraydun/Desktop/OpenWeatherService
09-Jun-2025 20:58:11.546 INFO [main] org.apache.catalina.startup.VersionLoggerListener.log CATALINA_HOME:         /Users/semenraydun/Desktop/Tomcat/apache-tomcat-11.0.7
09-Jun-2025 20:58:11.562 INFO [main] org.apache.catalina.startup.VersionLoggerListener.log Command line argument: --add-opens=java.base/java.lang=ALL-UNNAMED
09-Jun-2025 20:58:11.563 INFO [main] org.apache.catalina.startup.VersionLoggerListener.log Command line argument: --add-opens=java.base/java.io=ALL-UNNAMED
09-Jun-2025 20:58:11.563 INFO [main] org.apache.catalina.startup.VersionLoggerListener.log Command line argument: --add-opens=java.base/java.util=ALL-UNNAMED
09-Jun-2025 20:58:11.563 INFO [main] org.apache.catalina.startup.VersionLoggerListener.log Command line argument: --add-opens=java.base/java.util.concurrent=ALL-UNNAMED
09-Jun-2025 20:58:11.563 INFO [main] org.apache.catalina.startup.VersionLoggerListener.log Command line argument: --add-opens=java.rmi/sun.rmi.transport=ALL-UNNAMED
09-Jun-2025 20:58:11.563 INFO [main] org.apache.catalina.startup.VersionLoggerListener.log Command line argument: -Dcatalina.home=/Users/semenraydun/Desktop/Tomcat/apache-tomcat-11.0.7
09-Jun-2025 20:58:11.563 INFO [main] org.apache.catalina.startup.VersionLoggerListener.log Command line argument: -Dcatalina.base=/Users/semenraydun/Desktop/OpenWeatherService
09-Jun-2025 20:58:11.564 INFO [main] org.apache.catalina.startup.VersionLoggerListener.log Command line argument: -Djava.io.tmpdir=/Users/semenraydun/Desktop/OpenWeatherService/temp
09-Jun-2025 20:58:11.565 INFO [main] org.apache.catalina.startup.VersionLoggerListener.log Command line argument: -Djava.util.logging.config.file=/Users/semenraydun/Desktop/OpenWeatherService/conf/logging.properties
09-Jun-2025 20:58:11.565 INFO [main] org.apache.catalina.startup.VersionLoggerListener.log Command line argument: -Djava.util.logging.manager=org.apache.juli.ClassLoaderLogManager
09-Jun-2025 20:58:11.565 INFO [main] org.apache.catalina.startup.VersionLoggerListener.log Command line argument: -javaagent:/Applications/IntelliJ IDEA CE.app/Contents/lib/idea_rt.jar=62539:/Applications/IntelliJ IDEA CE.app/Contents/bin
09-Jun-2025 20:58:11.565 INFO [main] org.apache.catalina.startup.VersionLoggerListener.log Command line argument: -Dfile.encoding=UTF-8
09-Jun-2025 20:58:11.565 INFO [main] org.apache.catalina.startup.VersionLoggerListener.log Command line argument: -Dsun.stdout.encoding=UTF-8
09-Jun-2025 20:58:11.565 INFO [main] org.apache.catalina.startup.VersionLoggerListener.log Command line argument: -Dsun.stderr.encoding=UTF-8
09-Jun-2025 20:58:11.586 INFO [main] org.apache.catalina.core.AprLifecycleListener.lifecycleEvent The Apache Tomcat Native library which allows using OpenSSL was not found on the java.library.path: [/Users/semenraydun/Library/Java/Extensions:/Library/Java/Extensions:/Network/Library/Java/Extensions:/System/Library/Java/Extensions:/usr/lib/java:.]
09-Jun-2025 20:58:12.023 INFO [main] org.apache.coyote.AbstractProtocol.init Инициализация ProtocolHandler ["http-nio-8080"]
09-Jun-2025 20:58:12.046 INFO [main] org.apache.catalina.startup.Catalina.load Server initialization in [805] milliseconds
09-Jun-2025 20:58:12.089 INFO [main] org.apache.catalina.core.StandardService.startInternal Starting service [Catalina]
09-Jun-2025 20:58:12.090 INFO [main] org.apache.catalina.core.StandardEngine.startInternal Starting Servlet engine: [Apache Tomcat/11.0.7]
09-Jun-2025 20:58:12.100 INFO [main] org.apache.catalina.startup.HostConfig.deployDescriptor Deploying deployment descriptor [/Users/semenraydun/Desktop/OpenWeatherService/conf/Catalina/localhost/ROOT.xml]
09-Jun-2025 20:58:15.448 INFO [main] org.apache.jasper.servlet.TldScanner.scanJars At least one JAR was scanned for TLDs yet contained no TLDs. Enable debug logging for this logger for a complete list of JARs that were scanned but no TLDs were found in them. Skipping unneeded JARs during scanning can improve startup time and JSP compilation time.
09-Jun-2025 20:58:17.105 INFO [main] org.hibernate.Version.logVersion HHH000412: Hibernate ORM core version 7.0.0.Final
09-Jun-2025 20:58:17.111 INFO [main] org.hibernate.cfg.Environment.<clinit> HHH000205: Loaded properties from resource hibernate.properties: {hibernate.dialect=org.hibernate.dialect.PostgreSQLDialect, hibernate.driver_class=org.postgresql.Driver, hibernate.connection.password=****, hibernate.connection.username=postgres, hibernate.connection.url=jdbc:postgresql://localhost:5432/weather_service_db, hibernate.show_sql=true}
09-Jun-2025 20:58:18.819 WARN [main] org.hibernate.engine.jdbc.dialect.internal.DialectFactoryImpl.constructDialect HHH90000025: PostgreSQLDialect does not need to be specified explicitly using 'hibernate.dialect' (remove the property setting and it will be selected by default)
09-Jun-2025 20:58:18.871 INFO [main] org.hibernate.engine.jdbc.env.internal.JdbcEnvironmentInitiator.logConnectionInfo HHH10001005: Database info:
	Database JDBC URL [jdbc:postgresql://localhost:5432/weather_service_db]
	Database driver: PostgreSQL JDBC Driver
	Database version: 16.2
	Autocommit mode: undefined/unknown
	Isolation level: READ_COMMITTED [default READ_COMMITTED]
	Pool: DatasourceConnectionProviderImpl
	Minimum pool size: undefined/unknown
	Maximum pool size: undefined/unknown
09-Jun-2025 20:58:20.516 INFO [main] org.hibernate.validator.internal.util.Version.<clinit> HV000001: Hibernate Validator 9.0.0.Final
09-Jun-2025 20:58:23.011 INFO [main] org.hibernate.engine.transaction.jta.platform.internal.JtaPlatformInitiator.initiateService HHH000489: No JTA platform available (set 'hibernate.transaction.jta.platform' to enable JTA platform integration)
09-Jun-2025 20:58:23.787 INFO [main] org.apache.catalina.startup.HostConfig.deployDescriptor Deployment of deployment descriptor [/Users/semenraydun/Desktop/OpenWeatherService/conf/Catalina/localhost/ROOT.xml] has finished in [11 686] ms
09-Jun-2025 20:58:23.791 INFO [main] org.apache.coyote.AbstractProtocol.start Starting ProtocolHandler ["http-nio-8080"]
09-Jun-2025 20:58:23.808 INFO [main] org.apache.catalina.startup.Catalina.start Server startup in [11760] milliseconds
09-Jun-2025 21:00:07.316 INFO [Thread-1] org.apache.coyote.AbstractProtocol.pause Pausing ProtocolHandler ["http-nio-8080"]
09-Jun-2025 21:00:07.322 INFO [Thread-1] org.apache.catalina.core.StandardService.stopInternal Stopping service [Catalina]
09-Jun-2025 21:00:07.367 WARNING [Thread-1] org.apache.catalina.loader.WebappClassLoaderBase.clearReferencesJdbc The web application [ROOT] registered the JDBC driver [org.postgresql.Driver] but failed to unregister it when the web application was stopped. To prevent a memory leak, the JDBC Driver has been forcibly unregistered.
09-Jun-2025 21:00:07.378 INFO [Thread-1] org.apache.coyote.AbstractProtocol.stop Stopping ProtocolHandler ["http-nio-8080"]
09-Jun-2025 21:00:07.392 INFO [Thread-1] org.apache.coyote.AbstractProtocol.destroy Destroying ProtocolHandler ["http-nio-8080"]
09-Jun-2025 21:00:10.904 INFO [main] org.apache.catalina.startup.VersionLoggerListener.log Имя версии сервера:    Apache Tomcat/11.0.7
09-Jun-2025 21:00:10.909 INFO [main] org.apache.catalina.startup.VersionLoggerListener.log Сервер собран:         May 7 2025 14:55:59 UTC
09-Jun-2025 21:00:10.910 INFO [main] org.apache.catalina.startup.VersionLoggerListener.log Номер версии сервера:  11.0.7.0
09-Jun-2025 21:00:10.910 INFO [main] org.apache.catalina.startup.VersionLoggerListener.log OS Name:               Mac OS X
09-Jun-2025 21:00:10.910 INFO [main] org.apache.catalina.startup.VersionLoggerListener.log Версия ОС:             14.0
09-Jun-2025 21:00:10.910 INFO [main] org.apache.catalina.startup.VersionLoggerListener.log Архитектура:           x86_64
09-Jun-2025 21:00:10.911 INFO [main] org.apache.catalina.startup.VersionLoggerListener.log Java Home:             /Users/semenraydun/Library/Java/JavaVirtualMachines/openjdk-22.0.2/Contents/Home
09-Jun-2025 21:00:10.911 INFO [main] org.apache.catalina.startup.VersionLoggerListener.log Версия JVM:            22.0.2+9-70
09-Jun-2025 21:00:10.911 INFO [main] org.apache.catalina.startup.VersionLoggerListener.log Производитель JVM:     Oracle Corporation
09-Jun-2025 21:00:10.911 INFO [main] org.apache.catalina.startup.VersionLoggerListener.log CATALINA_BASE:         /Users/semenraydun/Desktop/OpenWeatherService
09-Jun-2025 21:00:10.911 INFO [main] org.apache.catalina.startup.VersionLoggerListener.log CATALINA_HOME:         /Users/semenraydun/Desktop/Tomcat/apache-tomcat-11.0.7
09-Jun-2025 21:00:10.931 INFO [main] org.apache.catalina.startup.VersionLoggerListener.log Command line argument: --add-opens=java.base/java.lang=ALL-UNNAMED
09-Jun-2025 21:00:10.931 INFO [main] org.apache.catalina.startup.VersionLoggerListener.log Command line argument: --add-opens=java.base/java.io=ALL-UNNAMED
09-Jun-2025 21:00:10.931 INFO [main] org.apache.catalina.startup.VersionLoggerListener.log Command line argument: --add-opens=java.base/java.util=ALL-UNNAMED
09-Jun-2025 21:00:10.931 INFO [main] org.apache.catalina.startup.VersionLoggerListener.log Command line argument: --add-opens=java.base/java.util.concurrent=ALL-UNNAMED
09-Jun-2025 21:00:10.931 INFO [main] org.apache.catalina.startup.VersionLoggerListener.log Command line argument: --add-opens=java.rmi/sun.rmi.transport=ALL-UNNAMED
09-Jun-2025 21:00:10.932 INFO [main] org.apache.catalina.startup.VersionLoggerListener.log Command line argument: -Dcatalina.home=/Users/semenraydun/Desktop/Tomcat/apache-tomcat-11.0.7
09-Jun-2025 21:00:10.932 INFO [main] org.apache.catalina.startup.VersionLoggerListener.log Command line argument: -Dcatalina.base=/Users/semenraydun/Desktop/OpenWeatherService
09-Jun-2025 21:00:10.932 INFO [main] org.apache.catalina.startup.VersionLoggerListener.log Command line argument: -Djava.io.tmpdir=/Users/semenraydun/Desktop/OpenWeatherService/temp
09-Jun-2025 21:00:10.932 INFO [main] org.apache.catalina.startup.VersionLoggerListener.log Command line argument: -Djava.util.logging.config.file=/Users/semenraydun/Desktop/OpenWeatherService/conf/logging.properties
09-Jun-2025 21:00:10.932 INFO [main] org.apache.catalina.startup.VersionLoggerListener.log Command line argument: -Djava.util.logging.manager=org.apache.juli.ClassLoaderLogManager
09-Jun-2025 21:00:10.932 INFO [main] org.apache.catalina.startup.VersionLoggerListener.log Command line argument: -javaagent:/Applications/IntelliJ IDEA CE.app/Contents/lib/idea_rt.jar=62569:/Applications/IntelliJ IDEA CE.app/Contents/bin
09-Jun-2025 21:00:10.933 INFO [main] org.apache.catalina.startup.VersionLoggerListener.log Command line argument: -Dfile.encoding=UTF-8
09-Jun-2025 21:00:10.933 INFO [main] org.apache.catalina.startup.VersionLoggerListener.log Command line argument: -Dsun.stdout.encoding=UTF-8
09-Jun-2025 21:00:10.933 INFO [main] org.apache.catalina.startup.VersionLoggerListener.log Command line argument: -Dsun.stderr.encoding=UTF-8
09-Jun-2025 21:00:10.963 INFO [main] org.apache.catalina.core.AprLifecycleListener.lifecycleEvent The Apache Tomcat Native library which allows using OpenSSL was not found on the java.library.path: [/Users/semenraydun/Library/Java/Extensions:/Library/Java/Extensions:/Network/Library/Java/Extensions:/System/Library/Java/Extensions:/usr/lib/java:.]
09-Jun-2025 21:00:11.498 INFO [main] org.apache.coyote.AbstractProtocol.init Инициализация ProtocolHandler ["http-nio-8080"]
09-Jun-2025 21:00:11.528 INFO [main] org.apache.catalina.startup.Catalina.load Server initialization in [967] milliseconds
09-Jun-2025 21:00:11.586 INFO [main] org.apache.catalina.core.StandardService.startInternal Starting service [Catalina]
09-Jun-2025 21:00:11.587 INFO [main] org.apache.catalina.core.StandardEngine.startInternal Starting Servlet engine: [Apache Tomcat/11.0.7]
09-Jun-2025 21:00:11.601 INFO [main] org.apache.catalina.startup.HostConfig.deployDescriptor Deploying deployment descriptor [/Users/semenraydun/Desktop/OpenWeatherService/conf/Catalina/localhost/ROOT.xml]
09-Jun-2025 21:00:16.044 INFO [main] org.apache.jasper.servlet.TldScanner.scanJars At least one JAR was scanned for TLDs yet contained no TLDs. Enable debug logging for this logger for a complete list of JARs that were scanned but no TLDs were found in them. Skipping unneeded JARs during scanning can improve startup time and JSP compilation time.
09-Jun-2025 21:00:18.392 INFO [main] org.hibernate.Version.logVersion HHH000412: Hibernate ORM core version 7.0.0.Final
09-Jun-2025 21:00:18.413 INFO [main] org.hibernate.cfg.Environment.<clinit> HHH000205: Loaded properties from resource hibernate.properties: {hibernate.dialect=org.hibernate.dialect.PostgreSQLDialect, hibernate.driver_class=org.postgresql.Driver, hibernate.connection.password=****, hibernate.connection.username=postgres, hibernate.connection.url=jdbc:postgresql://localhost:5432/weather_service_db, hibernate.show_sql=true}
09-Jun-2025 21:00:21.433 WARN [main] org.hibernate.engine.jdbc.dialect.internal.DialectFactoryImpl.constructDialect HHH90000025: PostgreSQLDialect does not need to be specified explicitly using 'hibernate.dialect' (remove the property setting and it will be selected by default)
09-Jun-2025 21:00:21.499 INFO [main] org.hibernate.engine.jdbc.env.internal.JdbcEnvironmentInitiator.logConnectionInfo HHH10001005: Database info:
	Database JDBC URL [jdbc:postgresql://localhost:5432/weather_service_db]
	Database driver: PostgreSQL JDBC Driver
	Database version: 16.2
	Autocommit mode: undefined/unknown
	Isolation level: READ_COMMITTED [default READ_COMMITTED]
	Pool: DatasourceConnectionProviderImpl
	Minimum pool size: undefined/unknown
	Maximum pool size: undefined/unknown
09-Jun-2025 21:00:23.669 INFO [main] org.hibernate.validator.internal.util.Version.<clinit> HV000001: Hibernate Validator 9.0.0.Final
09-Jun-2025 21:00:27.555 INFO [main] org.hibernate.engine.transaction.jta.platform.internal.JtaPlatformInitiator.initiateService HHH000489: No JTA platform available (set 'hibernate.transaction.jta.platform' to enable JTA platform integration)
09-Jun-2025 21:00:28.764 INFO [main] org.apache.catalina.startup.HostConfig.deployDescriptor Deployment of deployment descriptor [/Users/semenraydun/Desktop/OpenWeatherService/conf/Catalina/localhost/ROOT.xml] has finished in [17 164] ms
09-Jun-2025 21:00:28.772 INFO [main] org.apache.coyote.AbstractProtocol.start Starting ProtocolHandler ["http-nio-8080"]
09-Jun-2025 21:00:28.793 INFO [main] org.apache.catalina.startup.Catalina.start Server startup in [17263] milliseconds
09-Jun-2025 21:03:46.438 INFO [Thread-1] org.apache.coyote.AbstractProtocol.pause Pausing ProtocolHandler ["http-nio-8080"]
09-Jun-2025 21:03:46.442 INFO [Thread-1] org.apache.catalina.core.StandardService.stopInternal Stopping service [Catalina]
09-Jun-2025 21:03:46.652 WARNING [Thread-1] org.apache.catalina.loader.WebappClassLoaderBase.clearReferencesJdbc The web application [ROOT] registered the JDBC driver [org.postgresql.Driver] but failed to unregister it when the web application was stopped. To prevent a memory leak, the JDBC Driver has been forcibly unregistered.
09-Jun-2025 21:03:46.667 INFO [Thread-1] org.apache.coyote.AbstractProtocol.stop Stopping ProtocolHandler ["http-nio-8080"]
09-Jun-2025 21:03:46.683 INFO [Thread-1] org.apache.coyote.AbstractProtocol.destroy Destroying ProtocolHandler ["http-nio-8080"]
